*** Using Compiler 'V5.06 update 7 (build 960)', folder: 'D:\keil_v5\ARM\ARMCC\Bin'
Build target 'ToRTOS_stm32f411ce'
compiling board.c...
compiling ipc.c...
compiling list.c...
compiling scheduler.c...
compiling service.c...
compiling thread.c...
compiling timer.c...
compiling mem_mang.c...
compiling cpuport.c...
compiling dma.c...
compiling gpio.c...
compiling main.c...
compiling stm32f4xx_hal_msp.c...
compiling usart.c...
compiling stm32f4xx_it.c...
linking...
Program Size: Code=11346 RO-data=474 RW-data=92 ZI-data=3684  
FromELF: creating hex file...
"ToRTOS_stm32f411ce\ToRTOS_stm32f411ce.axf" - 0 Error(s), 0 Warning(s).
Build Time Elapsed:  00:00:03
